<?xml version="1.0" encoding="UTF-8"?>
<!-- Generated by org.testng.reporters.JUnitReportReporter -->
<testsuite hostname="QINDW234" name="com.test.DAO.LoginSheet" tests="20" failures="0" timestamp="5 Jun 2020 14:01:49 GMT" time="0.015" errors="0">
  <testcase name="getData" time="0.000" classname="com.test.DAO.LoginSheet"/>
  <testcase name="getData" time="0.000" classname="com.test.DAO.LoginSheet"/>
  <testcase name="getData" time="0.000" classname="com.test.DAO.LoginSheet"/>
  <testcase name="getData" time="0.000" classname="com.test.DAO.LoginSheet"/>
  <testcase name="getData" time="0.000" classname="com.test.DAO.LoginSheet"/>
  <testcase name="getData" time="0.000" classname="com.test.DAO.LoginSheet"/>
  <testcase name="getData" time="0.001" classname="com.test.DAO.LoginSheet"/>
  <testcase name="getData" time="0.001" classname="com.test.DAO.LoginSheet"/>
  <testcase name="getData" time="0.000" classname="com.test.DAO.LoginSheet"/>
  <testcase name="getData" time="0.001" classname="com.test.DAO.LoginSheet"/>
  <testcase name="getData" time="0.001" classname="com.test.DAO.LoginSheet"/>
  <testcase name="getData" time="0.001" classname="com.test.DAO.LoginSheet"/>
  <testcase name="getData" time="0.006" classname="com.test.DAO.LoginSheet"/>
  <testcase name="getData" time="0.000" classname="com.test.DAO.LoginSheet"/>
  <testcase name="getData" time="0.000" classname="com.test.DAO.LoginSheet"/>
  <testcase name="getData" time="0.001" classname="com.test.DAO.LoginSheet"/>
  <testcase name="getData" time="0.001" classname="com.test.DAO.LoginSheet"/>
  <testcase name="getData" time="0.002" classname="com.test.DAO.LoginSheet"/>
  <testcase name="getData" time="0.000" classname="com.test.DAO.LoginSheet"/>
  <testcase name="getData" time="0.000" classname="com.test.DAO.LoginSheet"/>
</testsuite> <!-- com.test.DAO.LoginSheet -->
