<?xml version="1.0" encoding="UTF-8"?>
<!-- Generated by org.testng.reporters.JUnitReportReporter -->
<testsuite hostname="QINDW234" name="testdataprovider.Controller" tests="1" failures="0" timestamp="6 Jun 2020 07:45:04 GMT" time="0.496" errors="0">
  <testcase name="driverpage" time="0.496" classname="testdataprovider.Controller"/>
</testsuite> <!-- testdataprovider.Controller -->
