<?xml version="1.0" encoding="UTF-8"?>
<!-- Generated by org.testng.reporters.JUnitReportReporter -->
<testsuite hostname="QINDW234" name="test.Loginj" tests="20" failures="0" timestamp="6 Jun 2020 04:40:33 GMT" time="0.021" errors="0">
  <testcase name="getData" time="0.000" classname="test.Loginj"/>
  <testcase name="getData" time="0.000" classname="test.Loginj"/>
  <testcase name="getData" time="0.000" classname="test.Loginj"/>
  <testcase name="getData" time="0.006" classname="test.Loginj"/>
  <testcase name="getData" time="0.001" classname="test.Loginj"/>
  <testcase name="getData" time="0.001" classname="test.Loginj"/>
  <testcase name="getData" time="0.001" classname="test.Loginj"/>
  <testcase name="getData" time="0.001" classname="test.Loginj"/>
  <testcase name="getData" time="0.001" classname="test.Loginj"/>
  <testcase name="getData" time="0.001" classname="test.Loginj"/>
  <testcase name="getData" time="0.001" classname="test.Loginj"/>
  <testcase name="getData" time="0.000" classname="test.Loginj"/>
  <testcase name="getData" time="0.001" classname="test.Loginj"/>
  <testcase name="getData" time="0.001" classname="test.Loginj"/>
  <testcase name="getData" time="0.001" classname="test.Loginj"/>
  <testcase name="getData" time="0.001" classname="test.Loginj"/>
  <testcase name="getData" time="0.001" classname="test.Loginj"/>
  <testcase name="getData" time="0.001" classname="test.Loginj"/>
  <testcase name="getData" time="0.001" classname="test.Loginj"/>
  <testcase name="getData" time="0.001" classname="test.Loginj"/>
</testsuite> <!-- test.Loginj -->
