<?xml version="1.0" encoding="UTF-8"?>
<!-- Generated by org.testng.reporters.JUnitReportReporter -->
<testsuite skipped="0" hostname="QINDW234" name="test.Testngpriority" tests="2" failures="0" timestamp="2020-05-18T19:35:10 IST" time="0.010" errors="0">
  <testcase name="weblogic" time="0.005" classname="test.Testngpriority"/>
  <system-out/>
  <testcase name="alphtest" time="0.005" classname="test.Testngpriority"/>
  <system-out/>
</testsuite> <!-- test.Testngpriority -->
