<?xml version="1.0" encoding="UTF-8"?>
<!-- Generated by org.testng.reporters.JUnitReportReporter -->
<testsuite skipped="0" hostname="QINDW234" name="test.tesngenabler" tests="2" failures="0" timestamp="2020-05-18T19:35:10 IST" time="0.000" errors="0">
  <testcase name="weblogic" time="0.000" classname="test.tesngenabler"/>
  <system-out/>
  <testcase name="alphtest" time="0.000" classname="test.tesngenabler"/>
  <system-out/>
</testsuite> <!-- test.tesngenabler -->
