<?xml version="1.0" encoding="UTF-8"?>
<!-- Generated by org.testng.reporters.JUnitReportReporter -->
<testsuite skipped="0" hostname="QINDW234" name="com.test.flow.LoginFlow" tests="1" failures="0" timestamp="2020-06-11T14:35:16 IST" time="6.080" errors="0">
  <testcase name="LoginApp" time="6.080" classname="com.test.flow.LoginFlow"/>
  <system-out/>
</testsuite> <!-- com.test.flow.LoginFlow -->
