<?xml version="1.0" encoding="UTF-8"?>
<!-- Generated by org.testng.reporters.JUnitReportReporter -->
<testsuite skipped="0" hostname="QINDW234" name="test.Testngtest" tests="2" failures="0" timestamp="2020-05-18T13:22:09 IST" time="0.004" errors="0">
  <testcase name="weblogic" time="0.004" classname="test.Testngtest"/>
  <system-out/>
  <testcase name="alphtest" time="0.000" classname="test.Testngtest"/>
  <system-out/>
</testsuite> <!-- test.Testngtest -->
