<?xml version="1.0" encoding="UTF-8"?>
<!-- Generated by org.testng.reporters.JUnitReportReporter -->
<testsuite skipped="1" hostname="QINDW234" name="com.test.flow.SearchFlow" tests="2" failures="0" timestamp="2020-06-11T14:35:16 IST" time="15.688" errors="0">
  <testcase name="searchPagep" time="15.688" classname="com.test.flow.SearchFlow"/>
  <system-out/>
  <testcase name="searchbyMenu" classname="com.test.flow.SearchFlow">
    <skipped/>
  </testcase> <!-- searchbyMenu -->
  <system-out/>
</testsuite> <!-- com.test.flow.SearchFlow -->
